
> pulse-intelligence@0.0.0 build
> next build

  ▲ Next.js 14.2.33
  - Environments: .env.local

   Creating an optimized production build ...
Failed to compile.

./app/dashboard/page.tsx
Error: 
  [31mx[0m Unterminated regexp literal
     ,-[[36;1;4m/Users/chastinmiles/Downloads/pulse-intelligence/app/dashboard/page.tsx[0m:368:1]
 [2m368[0m | 
 [2m369[0m |   const handleMyAITeamClick = () => {
 [2m370[0m |     if (isSubscriberOrAdmin) {
 [2m371[0m |       router.push(/agents);
     : [31;1m                  ^^^^^^^^^[0m
 [2m372[0m |     } else {
 [2m373[0m |       router.push(/plans);
 [2m374[0m |     }
     `----

Caused by:
    Syntax Error

Import trace for requested module:
./app/dashboard/page.tsx

./app/role-play/page.tsx
Error: 
  [31mx[0m Expected a semicolon
     ,-[[36;1;4m/Users/chastinmiles/Downloads/pulse-intelligence/app/role-play/page.tsx[0m:377:1]
 [2m377[0m |           y += 14;
 [2m378[0m |         });
 [2m379[0m |         y += 6;
 [2m380[0m |       });
     : [31;1m       ^[0m
 [2m381[0m | 
 [2m382[0m |       addSection('Persona', scenario.clientPersona || 'Not specified');
 [2m383[0m |       addSection('Difficulty', scenario.difficultyLevel?.replace(/_/g, ' ') || 'Not specified');
     `----

Caused by:
    Syntax Error

Import trace for requested module:
./app/role-play/page.tsx


> Build failed because of webpack errors
