
> pulse-intelligence@0.0.0 build
> next build

  ▲ Next.js 14.2.33

   Creating an optimized production build ...
Failed to compile.

Failed to compile.

./app/api/pulse/score/route.ts
Module not found: Can't resolve '@/lib/pulse-intelligence/pulse-service'

https://nextjs.org/docs/messages/module-not-found

./app/api/pulse/test-data/route.ts
Module not found: Can't resolve '@/lib/supabase'

https://nextjs.org/docs/messages/module-not-found

./app/dashboard/layout.tsx
Module not found: Can't resolve '@/components/navigation/primary-sidebar'

https://nextjs.org/docs/messages/module-not-found

./app/dashboard/layout.tsx
Module not found: Can't resolve '@/components/navigation/top-header'

https://nextjs.org/docs/messages/module-not-found

./app/dashboard/page.tsx
Error: 
  [31mx[0m Unterminated string constant
     ,-[[36;1;4m/Users/chastinmiles/Downloads/pulse-intelligence/app/dashboard/page.tsx[0m:367:1]
 [2m367[0m | 
 [2m368[0m |   const handleMyAITeamClick = () => {
 [2m369[0m |     if (isSubscriberOrAdmin) {
 [2m370[0m |       router.push('/agents);
     : [31;1m                  ^^^^^^^^^^[0m
 [2m371[0m |     } else {
 [2m372[0m |       router.push('/plans);
 [2m373[0m |     }
     `----

  [31mx[0m Expected ',', got '}'
     ,-[[36;1;4m/Users/chastinmiles/Downloads/pulse-intelligence/app/dashboard/page.tsx[0m:368:1]
 [2m368[0m |   const handleMyAITeamClick = () => {
 [2m369[0m |     if (isSubscriberOrAdmin) {
 [2m370[0m |       router.push('/agents);
 [2m371[0m |     } else {
     : [31;1m    ^[0m
 [2m372[0m |       router.push('/plans);
 [2m373[0m |     }
 [2m374[0m |   };
     `----

Caused by:
    Syntax Error

Import trace for requested module:
./app/dashboard/page.tsx
./app/api/pulse/score/route.ts
Module not found: Can't resolve '@/lib/pulse-intelligence/pulse-service'

https://nextjs.org/docs/messages/module-not-found

./app/api/pulse/test-data/route.ts
Module not found: Can't resolve '@/lib/supabase'

https://nextjs.org/docs/messages/module-not-found

./app/dashboard/layout.tsx
Module not found: Can't resolve '@/components/navigation/primary-sidebar'

https://nextjs.org/docs/messages/module-not-found

./app/dashboard/layout.tsx
Module not found: Can't resolve '@/components/navigation/top-header'

https://nextjs.org/docs/messages/module-not-found

./app/dashboard/page.tsx
Error: 
  [31mx[0m Unterminated string constant
     ,-[[36;1;4m/Users/chastinmiles/Downloads/pulse-intelligence/app/dashboard/page.tsx[0m:367:1]
 [2m367[0m | 
 [2m368[0m |   const handleMyAITeamClick = () => {
 [2m369[0m |     if (isSubscriberOrAdmin) {
 [2m370[0m |       router.push('/agents);
     : [31;1m                  ^^^^^^^^^^[0m
 [2m371[0m |     } else {
 [2m372[0m |       router.push('/plans);
 [2m373[0m |     }
     `----

  [31mx[0m Expected ',', got '}'
     ,-[[36;1;4m/Users/chastinmiles/Downloads/pulse-intelligence/app/dashboard/page.tsx[0m:368:1]
 [2m368[0m |   const handleMyAITeamClick = () => {
 [2m369[0m |     if (isSubscriberOrAdmin) {
 [2m370[0m |       router.push('/agents);
 [2m371[0m |     } else {
     : [31;1m    ^[0m
 [2m372[0m |       router.push('/plans);
 [2m373[0m |     }
 [2m374[0m |   };
     `----

Caused by:
    Syntax Error

Import trace for requested module:
./app/dashboard/page.tsx




