
> pulse-intelligence@0.0.0 build
> next build

  ▲ Next.js 14.2.33

   Creating an optimized production build ...
 ✓ Compiled successfully
   Linting and checking validity of types ...
Failed to compile.

./app/api/pulse/test-data/route.ts:82:8
Type error: No overload matches this call.
  Overload 1 of 2, '(values: { category: string; completed_at?: string; created_at?: string; description?: string; due_date: string; duration_minutes?: number; id?: string; priority?: string; scheduled_time?: string; status?: string; title: string; updated_at?: string; user_id: string; }, options?: { ...; }): PostgrestFilterBuilder<...>', gave the following error.
    Object literal may only specify known properties, and 'action_title' does not exist in type '{ category: string; completed_at?: string; created_at?: string; description?: string; due_date: string; duration_minutes?: number; id?: string; priority?: string; scheduled_time?: string; status?: string; title: string; updated_at?: string; user_id: string; }'.
  Overload 2 of 2, '(values: { category: string; completed_at?: string; created_at?: string; description?: string; due_date: string; duration_minutes?: number; id?: string; priority?: string; scheduled_time?: string; status?: string; title: string; updated_at?: string; user_id: string; }[], options?: { ...; }): PostgrestFilterBuilder<...>', gave the following error.
    Object literal may only specify known properties, and 'user_id' does not exist in type '{ category: string; completed_at?: string; created_at?: string; description?: string; due_date: string; duration_minutes?: number; id?: string; priority?: string; scheduled_time?: string; status?: string; title: string; updated_at?: string; user_id: string; }[]'.

[0m [90m 80 |[39m     [36mconst[39m { error } [33m=[39m [36mawait[39m supabase[0m
[0m [90m 81 |[39m       [33m.[39m[36mfrom[39m([32m'daily_actions'[39m)[0m
[0m[31m[1m>[22m[39m[90m 82 |[39m       [33m.[39minsert({[0m
[0m [90m    |[39m        [31m[1m^[22m[39m[0m
[0m [90m 83 |[39m         user_id[33m:[39m userId[33m,[39m[0m
[0m [90m 84 |[39m         action_title[33m:[39m task[33m.[39mtitle[33m,[39m[0m
[0m [90m 85 |[39m         action_description[33m:[39m task[33m.[39mdescription[33m,[39m[0m
Next.js build worker exited with code: 1 and signal: null
