
> pulse-intelligence@0.0.0 build
> next build

  ▲ Next.js 14.2.33
  - Environments: .env.local

   Creating an optimized production build ...
 ✓ Compiled successfully
   Linting and checking validity of types ...
   Collecting page data ...
TypeError: Cannot read properties of undefined (reading 'VITE_SUPABASE_URL')
    at 49547 (/Users/chastinmiles/Downloads/pulse-intelligence/.next/server/pages/Contacts.js:1:3360)
    at t (/Users/chastinmiles/Downloads/pulse-intelligence/.next/server/webpack-runtime.js:1:127)
    at /Users/chastinmiles/Downloads/pulse-intelligence/.next/server/pages/Contacts.js:1:4867
    at t.a (/Users/chastinmiles/Downloads/pulse-intelligence/.next/server/webpack-runtime.js:1:876)
    at 96670 (/Users/chastinmiles/Downloads/pulse-intelligence/.next/server/pages/Contacts.js:1:4779)
    at t (/Users/chastinmiles/Downloads/pulse-intelligence/.next/server/webpack-runtime.js:1:127)
    at /Users/chastinmiles/Downloads/pulse-intelligence/.next/server/pages/Contacts.js:1:708
    at t.a (/Users/chastinmiles/Downloads/pulse-intelligence/.next/server/webpack-runtime.js:1:876)
    at 33537 (/Users/chastinmiles/Downloads/pulse-intelligence/.next/server/pages/Contacts.js:1:304)
    at t (/Users/chastinmiles/Downloads/pulse-intelligence/.next/server/webpack-runtime.js:1:127)

> Build error occurred
Error: Failed to collect page data for /Contacts
    at /Users/chastinmiles/Downloads/pulse-intelligence/node_modules/next/dist/build/utils.js:1269:15
    at process.processTicksAndRejections (node:internal/process/task_queues:105:5) {
  type: 'Error'
}
