
> pulse-intelligence@0.0.0 build
> next build

  ▲ Next.js 14.2.33
  - Environments: .env.local

   Creating an optimized production build ...
Failed to compile.

./app/role-play/page.tsx
Error: 
  [31mx[0m Expected ',', got ';'
     ,-[[36;1;4m/Users/chastinmiles/Downloads/pulse-intelligence/app/role-play/page.tsx[0m:203:1]
 [2m203[0m |     const unique = new Set();
 [2m204[0m |     scenarios.forEach((scenario) => {
 [2m205[0m |       if (scenario.category) unique.add(scenario.category);
 [2m206[0m |     };
     : [31;1m     ^[0m
 [2m207[0m |     return Array.from(unique);
 [2m208[0m |   }, [scenarios]);
     `----

Caused by:
    Syntax Error

Import trace for requested module:
./app/role-play/page.tsx


> Build failed because of webpack errors
