
> pulse-intelligence@0.0.0 build
> next build

  ▲ Next.js 14.2.33
  - Environments: .env.local

   Creating an optimized production build ...
Failed to compile.

./app/role-play/page.tsx
Error: 
  [31mx[0m Expected a semicolon
     ,-[[36;1;4m/Users/chastinmiles/Downloads/pulse-intelligence/app/role-play/page.tsx[0m:148:1]
 [2m148[0m |       return overallScore >= passingScore ? 'PASS' : 'FAIL';
 [2m149[0m |     }
 [2m150[0m |     return 'UNKNOWN';
 [2m151[0m |   });
     : [31;1m   ^[0m
 [2m152[0m | 
 [2m153[0m |   const callSummary =
 [2m154[0m |     metrics.call_summary ||
     `----

Caused by:
    Syntax Error

Import trace for requested module:
./app/role-play/page.tsx


> Build failed because of webpack errors
