
> pulse-intelligence@0.0.0 build
> next build

  ▲ Next.js 14.2.33

   Creating an optimized production build ...
 ✓ Compiled successfully
   Linting and checking validity of types ...
   Collecting page data ...
TypeError: Cannot read properties of undefined (reading 'VITE_SUPABASE_URL')
    at 49547 (/Users/chastinmiles/Downloads/pulse-intelligence/.next/server/pages/AdminContentConfig.js:1:13088)
    at t (/Users/chastinmiles/Downloads/pulse-intelligence/.next/server/webpack-runtime.js:1:127)
    at /Users/chastinmiles/Downloads/pulse-intelligence/.next/server/pages/AdminContentConfig.js:1:14384
    at t.a (/Users/chastinmiles/Downloads/pulse-intelligence/.next/server/webpack-runtime.js:1:876)
    at 35625 (/Users/chastinmiles/Downloads/pulse-intelligence/.next/server/pages/AdminContentConfig.js:1:14151)
    at t (/Users/chastinmiles/Downloads/pulse-intelligence/.next/server/webpack-runtime.js:1:127)
    at /Users/chastinmiles/Downloads/pulse-intelligence/.next/server/pages/AdminContentConfig.js:1:706
    at t.a (/Users/chastinmiles/Downloads/pulse-intelligence/.next/server/webpack-runtime.js:1:876)
    at 78352 (/Users/chastinmiles/Downloads/pulse-intelligence/.next/server/pages/AdminContentConfig.js:1:302)
    at t (/Users/chastinmiles/Downloads/pulse-intelligence/.next/server/webpack-runtime.js:1:127)

> Build error occurred
Error: Failed to collect page data for /AdminContentConfig
    at /Users/chastinmiles/Downloads/pulse-intelligence/node_modules/next/dist/build/utils.js:1269:15
    at process.processTicksAndRejections (node:internal/process/task_queues:105:5) {
  type: 'Error'
}
