
> pulse-intelligence@0.0.0 build
> next build

  ▲ Next.js 14.2.33

   Creating an optimized production build ...
 ✓ Compiled successfully
   Linting and checking validity of types ...
   Collecting page data ...
Error: Missing NEXT_PUBLIC_SUPABASE_URL environment variable. Set it to your Supabase project URL.
    at 70550 (/Users/chastinmiles/Downloads/pulse-intelligence/.next/server/chunks/6555.js:1:213)
    at t (/Users/chastinmiles/Downloads/pulse-intelligence/.next/server/webpack-runtime.js:1:127)
    at 66555 (/Users/chastinmiles/Downloads/pulse-intelligence/.next/server/chunks/6555.js:1:970)
    at t (/Users/chastinmiles/Downloads/pulse-intelligence/.next/server/webpack-runtime.js:1:127)
    at /Users/chastinmiles/Downloads/pulse-intelligence/.next/server/pages/Agents.js:8:29879
    at t.a (/Users/chastinmiles/Downloads/pulse-intelligence/.next/server/webpack-runtime.js:1:876)
    at 82182 (/Users/chastinmiles/Downloads/pulse-intelligence/.next/server/pages/Agents.js:8:29791)
    at t (/Users/chastinmiles/Downloads/pulse-intelligence/.next/server/webpack-runtime.js:1:127)
    at /Users/chastinmiles/Downloads/pulse-intelligence/.next/server/pages/Agents.js:1:708
    at t.a (/Users/chastinmiles/Downloads/pulse-intelligence/.next/server/webpack-runtime.js:1:876)

> Build error occurred
Error: Failed to collect page data for /Agents
    at /Users/chastinmiles/Downloads/pulse-intelligence/node_modules/next/dist/build/utils.js:1269:15
    at process.processTicksAndRejections (node:internal/process/task_queues:105:5) {
  type: 'Error'
}
