
> pulse-intelligence@0.0.0 build
> next build

  ▲ Next.js 14.2.33
  - Environments: .env.local

   Creating an optimized production build ...
 ✓ Compiled successfully
   Linting and checking validity of types ...
   Collecting page data ...
ReferenceError: localStorage is not defined
    at 70550 (/Users/chastinmiles/Downloads/pulse-intelligence/.next/server/chunks/6555.js:1:446)
    at t (/Users/chastinmiles/Downloads/pulse-intelligence/.next/server/webpack-runtime.js:1:127)
    at 66555 (/Users/chastinmiles/Downloads/pulse-intelligence/.next/server/chunks/6555.js:1:943)
    at t (/Users/chastinmiles/Downloads/pulse-intelligence/.next/server/webpack-runtime.js:1:127)
    at /Users/chastinmiles/Downloads/pulse-intelligence/.next/server/pages/AgentOnboarding.js:1:7111
    at t.a (/Users/chastinmiles/Downloads/pulse-intelligence/.next/server/webpack-runtime.js:1:876)
    at 40270 (/Users/chastinmiles/Downloads/pulse-intelligence/.next/server/pages/AgentOnboarding.js:1:7021)
    at t (/Users/chastinmiles/Downloads/pulse-intelligence/.next/server/webpack-runtime.js:1:127)
    at /Users/chastinmiles/Downloads/pulse-intelligence/.next/server/pages/AgentOnboarding.js:1:489
    at t.a (/Users/chastinmiles/Downloads/pulse-intelligence/.next/server/webpack-runtime.js:1:876)

> Build error occurred
Error: Failed to collect page data for /AgentOnboarding
    at /Users/chastinmiles/Downloads/pulse-intelligence/node_modules/next/dist/build/utils.js:1269:15
    at process.processTicksAndRejections (node:internal/process/task_queues:105:5) {
  type: 'Error'
}
